[debug] [2021-05-13T12:41:23.073Z] ----------------------------------------------------------------------
[debug] [2021-05-13T12:41:23.076Z] Command:       C:\Program Files\nodejs\node.exe C:\Users\timae\AppData\Roaming\npm\node_modules\firebase-tools\lib\bin\firebase.js init
[debug] [2021-05-13T12:41:23.076Z] CLI Version:   9.10.2
[debug] [2021-05-13T12:41:23.076Z] Platform:      win32
[debug] [2021-05-13T12:41:23.076Z] Node Version:  v12.18.1
[debug] [2021-05-13T12:41:23.082Z] Time:          Thu May 13 2021 20:41:23 GMT+0800 (Philippine Standard Time)
[debug] [2021-05-13T12:41:23.083Z] ----------------------------------------------------------------------
[debug] 
[debug] [2021-05-13T12:41:23.086Z] >>> [apiv2][query] GET https://firebase-public.firebaseio.com/cli.json [none]
[debug] [2021-05-13T12:41:23.143Z] > command requires scopes: ["email","openid","https://www.googleapis.com/auth/cloudplatformprojects.readonly","https://www.googleapis.com/auth/firebase","https://www.googleapis.com/auth/cloud-platform"]
[debug] [2021-05-13T12:41:23.144Z] > authorizing via signed-in user (jet.datz@gmail.com)
[info] 
     ######## #### ########  ######## ########     ###     ######  ########
     ##        ##  ##     ## ##       ##     ##  ##   ##  ##       ##
     ######    ##  ########  ######   ########  #########  ######  ######
     ##        ##  ##    ##  ##       ##     ## ##     ##       ## ##
     ##       #### ##     ## ######## ########  ##     ##  ######  ########

You're about to initialize a Firebase project in this directory:

  D:\PROJECTS\mush101

Before we get started, keep in mind:

  * You are initializing in an existing Firebase project directory

[debug] [2021-05-13T12:41:24.667Z] <<< [apiv2][status] GET https://firebase-public.firebaseio.com/cli.json 200
[debug] [2021-05-13T12:41:24.668Z] <<< [apiv2][body] GET https://firebase-public.firebaseio.com/cli.json {"cloudBuildErrorAfter":1594252800000,"cloudBuildWarnAfter":1590019200000,"defaultNode10After":1594252800000,"minVersion":"3.0.5","node8DeploysDisabledAfter":1613390400000,"node8RuntimeDisabledAfter":1615809600000,"node8WarnAfter":1600128000000}
